0 info it worked if it ends with ok
1 verbose cli [ '/Users/victor_sy_wang/.nvm/versions/node/v5.9.0/bin/node',
1 verbose cli   '/Users/victor_sy_wang/.nvm/versions/node/v5.9.0/bin/npm',
1 verbose cli   'run',
1 verbose cli   'build' ]
2 info using npm@3.7.3
3 info using node@v5.9.0
4 verbose run-script [ 'prebuild', 'build', 'postbuild' ]
5 info lifecycle leetcode@1.0.0~prebuild: leetcode@1.0.0
6 silly lifecycle leetcode@1.0.0~prebuild: no script for prebuild, continuing
7 info lifecycle leetcode@1.0.0~build: leetcode@1.0.0
8 verbose lifecycle leetcode@1.0.0~build: unsafe-perm in lifecycle true
9 verbose lifecycle leetcode@1.0.0~build: PATH: /Users/victor_sy_wang/.nvm/versions/node/v5.9.0/lib/node_modules/npm/bin/node-gyp-bin:/Users/victor_sy_wang/Developer/leetcode/node_modules/.bin:/Users/victor_sy_wang/.nvm/versions/node/v5.9.0/bin:/Users/victor_sy_wang/.nvm/versions/node/v5.9.0/bin:/usr/local/bin:/usr/bin:/bin:/usr/sbin:/sbin
10 verbose lifecycle leetcode@1.0.0~build: CWD: /Users/victor_sy_wang/Developer/leetcode
11 silly lifecycle leetcode@1.0.0~build: Args: [ '-c', 'babel src -d lib' ]
12 silly lifecycle leetcode@1.0.0~build: Returned: code: 2  signal: null
13 info lifecycle leetcode@1.0.0~build: Failed to exec build script
14 verbose stack Error: leetcode@1.0.0 build: `babel src -d lib`
14 verbose stack Exit status 2
14 verbose stack     at EventEmitter.<anonymous> (/Users/victor_sy_wang/.nvm/versions/node/v5.9.0/lib/node_modules/npm/lib/utils/lifecycle.js:239:16)
14 verbose stack     at emitTwo (events.js:100:13)
14 verbose stack     at EventEmitter.emit (events.js:185:7)
14 verbose stack     at ChildProcess.<anonymous> (/Users/victor_sy_wang/.nvm/versions/node/v5.9.0/lib/node_modules/npm/lib/utils/spawn.js:24:14)
14 verbose stack     at emitTwo (events.js:100:13)
14 verbose stack     at ChildProcess.emit (events.js:185:7)
14 verbose stack     at maybeClose (internal/child_process.js:850:16)
14 verbose stack     at Process.ChildProcess._handle.onexit (internal/child_process.js:215:5)
15 verbose pkgid leetcode@1.0.0
16 verbose cwd /Users/victor_sy_wang/Developer/leetcode
17 error Darwin 15.5.0
18 error argv "/Users/victor_sy_wang/.nvm/versions/node/v5.9.0/bin/node" "/Users/victor_sy_wang/.nvm/versions/node/v5.9.0/bin/npm" "run" "build"
19 error node v5.9.0
20 error npm  v3.7.3
21 error code ELIFECYCLE
22 error leetcode@1.0.0 build: `babel src -d lib`
22 error Exit status 2
23 error Failed at the leetcode@1.0.0 build script 'babel src -d lib'.
23 error Make sure you have the latest version of node.js and npm installed.
23 error If you do, this is most likely a problem with the leetcode package,
23 error not with npm itself.
23 error Tell the author that this fails on your system:
23 error     babel src -d lib
23 error You can get information on how to open an issue for this project with:
23 error     npm bugs leetcode
23 error Or if that isn't available, you can get their info via:
23 error     npm owner ls leetcode
23 error There is likely additional logging output above.
24 verbose exit [ 1, true ]
